<?xml version="1.0" encoding="UTF-8"?>
<testng-results ignored="0" total="1" passed="1" failed="0" skipped="0">
  <reporter-output>
  </reporter-output>
  <suite started-at="2023-02-27T15:14:09 IST" name="Suite" finished-at="2023-02-27T15:15:08 IST" duration-ms="59670">
    <groups>
    </groups>
    <test started-at="2023-02-27T15:14:09 IST" name="OpencartTest" finished-at="2023-02-27T15:15:08 IST" duration-ms="59670">
      <class name="Testcase.TC_001_AccountRegistrationTest">
        <test-method is-config="true" signature="setup()[pri:0, instance:Testcase.TC_001_AccountRegistrationTest@793f29ff]" started-at="2023-02-27T15:14:09 IST" name="setup" finished-at="2023-02-27T15:15:04 IST" duration-ms="55318" status="PASS">
          <reporter-output>
          </reporter-output>
        </test-method> <!-- setup -->
        <test-method signature="test_account_Registration()[pri:0, instance:Testcase.TC_001_AccountRegistrationTest@793f29ff]" started-at="2023-02-27T15:15:04 IST" name="test_account_Registration" finished-at="2023-02-27T15:15:07 IST" duration-ms="3359" status="PASS">
          <reporter-output>
          </reporter-output>
        </test-method> <!-- test_account_Registration -->
        <test-method is-config="true" signature="tearDown()[pri:0, instance:Testcase.TC_001_AccountRegistrationTest@793f29ff]" started-at="2023-02-27T15:15:07 IST" name="tearDown" finished-at="2023-02-27T15:15:08 IST" duration-ms="902" status="PASS">
          <reporter-output>
          </reporter-output>
        </test-method> <!-- tearDown -->
      </class> <!-- Testcase.TC_001_AccountRegistrationTest -->
    </test> <!-- OpencartTest -->
  </suite> <!-- Suite -->
</testng-results>
